[2023-06-16T03:30:00.510853+00:00] DogtorPET.DEBUG: CORS analysis for request started. [] []
[2023-06-16T03:30:00.512480+00:00] DogtorPET.DEBUG: Request is identified as a pre-flight CORS request. [] []
[2023-06-16T03:30:00.512836+00:00] DogtorPET.DEBUG: CORS analysis for request completed. [] []
[2023-06-16T03:30:00.518125+00:00] DogtorPET.DEBUG: CORS analysis for request started. [] []
[2023-06-16T03:30:00.518236+00:00] DogtorPET.DEBUG: Request is identified as an actual CORS request. [] []
[2023-06-16T03:30:00.518266+00:00] DogtorPET.DEBUG: CORS analysis for request completed. [] []
[2023-06-16T03:31:44.490632+00:00] DogtorPET.DEBUG: CORS analysis for request started. [] []
[2023-06-16T03:31:44.490830+00:00] DogtorPET.DEBUG: Request is identified as a pre-flight CORS request. [] []
[2023-06-16T03:31:44.490890+00:00] DogtorPET.DEBUG: CORS analysis for request completed. [] []
[2023-06-16T03:31:44.496746+00:00] DogtorPET.DEBUG: CORS analysis for request started. [] []
[2023-06-16T03:31:44.496915+00:00] DogtorPET.DEBUG: Request is identified as an actual CORS request. [] []
[2023-06-16T03:31:44.496961+00:00] DogtorPET.DEBUG: CORS analysis for request completed. [] []
[2023-06-16T03:34:53.734032+00:00] DogtorPET.DEBUG: CORS analysis for request started. [] []
[2023-06-16T03:34:53.734160+00:00] DogtorPET.DEBUG: Request is identified as a pre-flight CORS request. [] []
[2023-06-16T03:34:53.734212+00:00] DogtorPET.DEBUG: CORS analysis for request completed. [] []
[2023-06-16T03:34:53.737984+00:00] DogtorPET.DEBUG: CORS analysis for request started. [] []
[2023-06-16T03:34:53.738087+00:00] DogtorPET.DEBUG: Request is identified as an actual CORS request. [] []
[2023-06-16T03:34:53.738119+00:00] DogtorPET.DEBUG: CORS analysis for request completed. [] []
[2023-06-16T03:39:08.803677+00:00] DogtorPET.DEBUG: CORS analysis for request started. [] []
[2023-06-16T03:39:08.803943+00:00] DogtorPET.DEBUG: Request is identified as a pre-flight CORS request. [] []
[2023-06-16T03:39:08.804042+00:00] DogtorPET.DEBUG: CORS analysis for request completed. [] []
[2023-06-16T03:39:08.810986+00:00] DogtorPET.DEBUG: CORS analysis for request started. [] []
[2023-06-16T03:39:08.811156+00:00] DogtorPET.DEBUG: Request is identified as an actual CORS request. [] []
[2023-06-16T03:39:08.811202+00:00] DogtorPET.DEBUG: CORS analysis for request completed. [] []
[2023-06-16T03:39:08.849886+00:00] DogtorPET.DEBUG: CORS analysis for request started. [] []
[2023-06-16T03:39:08.850010+00:00] DogtorPET.DEBUG: Request is identified as a pre-flight CORS request. [] []
[2023-06-16T03:39:08.850066+00:00] DogtorPET.DEBUG: CORS analysis for request completed. [] []
[2023-06-16T03:39:08.853785+00:00] DogtorPET.DEBUG: Using token from request header [] []
[2023-06-16T03:39:08.855310+00:00] DogtorPET.DEBUG: CORS analysis for request started. [] []
[2023-06-16T03:39:08.855383+00:00] DogtorPET.DEBUG: Request is identified as an actual CORS request. [] []
[2023-06-16T03:39:08.855417+00:00] DogtorPET.DEBUG: CORS analysis for request completed. [] []
[2023-06-16T03:40:19.435245+00:00] DogtorPET.DEBUG: CORS analysis for request started. [] []
[2023-06-16T03:40:19.435503+00:00] DogtorPET.DEBUG: Request is identified as a pre-flight CORS request. [] []
[2023-06-16T03:40:19.435658+00:00] DogtorPET.DEBUG: CORS analysis for request completed. [] []
[2023-06-16T03:40:19.443822+00:00] DogtorPET.DEBUG: CORS analysis for request started. [] []
[2023-06-16T03:40:19.444136+00:00] DogtorPET.DEBUG: Request is identified as an actual CORS request. [] []
[2023-06-16T03:40:19.444255+00:00] DogtorPET.DEBUG: CORS analysis for request completed. [] []
[2023-06-16T03:40:19.483217+00:00] DogtorPET.DEBUG: CORS analysis for request started. [] []
[2023-06-16T03:40:19.483432+00:00] DogtorPET.DEBUG: Request is identified as a pre-flight CORS request. [] []
[2023-06-16T03:40:19.483519+00:00] DogtorPET.DEBUG: CORS analysis for request completed. [] []
[2023-06-16T03:40:19.488189+00:00] DogtorPET.DEBUG: Using token from request header [] []
[2023-06-16T03:40:19.488715+00:00] DogtorPET.DEBUG: CORS analysis for request started. [] []
[2023-06-16T03:40:19.488843+00:00] DogtorPET.DEBUG: Request is identified as an actual CORS request. [] []
[2023-06-16T03:40:19.488904+00:00] DogtorPET.DEBUG: CORS analysis for request completed. [] []
[2023-06-16T03:40:57.894167+00:00] DogtorPET.DEBUG: CORS analysis for request started. [] []
[2023-06-16T03:40:57.894482+00:00] DogtorPET.DEBUG: Request is identified as a pre-flight CORS request. [] []
[2023-06-16T03:40:57.894615+00:00] DogtorPET.DEBUG: CORS analysis for request completed. [] []
[2023-06-16T03:40:57.902471+00:00] DogtorPET.DEBUG: CORS analysis for request started. [] []
[2023-06-16T03:40:57.902702+00:00] DogtorPET.DEBUG: Request is identified as an actual CORS request. [] []
[2023-06-16T03:40:57.902789+00:00] DogtorPET.DEBUG: CORS analysis for request completed. [] []
[2023-06-16T03:40:57.937944+00:00] DogtorPET.DEBUG: CORS analysis for request started. [] []
[2023-06-16T03:40:57.938065+00:00] DogtorPET.DEBUG: Request is identified as a pre-flight CORS request. [] []
[2023-06-16T03:40:57.938109+00:00] DogtorPET.DEBUG: CORS analysis for request completed. [] []
[2023-06-16T03:40:57.943844+00:00] DogtorPET.DEBUG: Using token from request header [] []
[2023-06-16T03:40:57.944654+00:00] DogtorPET.DEBUG: CORS analysis for request started. [] []
[2023-06-16T03:40:57.944940+00:00] DogtorPET.DEBUG: Request is identified as an actual CORS request. [] []
[2023-06-16T03:40:57.945026+00:00] DogtorPET.DEBUG: CORS analysis for request completed. [] []
